0 info it worked if it ends with ok
1 verbose cli [ '/usr/local/bin/node', '/usr/local/bin/npm', 'publish' ]
2 info using npm@2.14.7
3 info using node@v4.2.2
4 verbose publish [ '.' ]
5 silly cache add args [ '.', null ]
6 verbose cache add spec .
7 silly cache add parsed spec Result {
7 silly cache add   raw: '.',
7 silly cache add   scope: null,
7 silly cache add   name: null,
7 silly cache add   rawSpec: '.',
7 silly cache add   spec: '/Users/chris/Desktop/Lab/tapas-build',
7 silly cache add   type: 'directory' }
8 verbose addLocalDirectory /Users/chris/.npm/tapas-build/0.1.0/package.tgz not in flight; packing
9 verbose tar pack [ '/Users/chris/.npm/tapas-build/0.1.0/package.tgz',
9 verbose tar pack   '/Users/chris/Desktop/Lab/tapas-build' ]
10 verbose tarball /Users/chris/.npm/tapas-build/0.1.0/package.tgz
11 verbose folder /Users/chris/Desktop/Lab/tapas-build
12 info prepublish tapas-build@0.1.0
13 verbose addLocalTarball adding from inside cache /Users/chris/.npm/tapas-build/0.1.0/package.tgz
14 silly cache afterAdd tapas-build@0.1.0
15 verbose afterAdd /Users/chris/.npm/tapas-build/0.1.0/package/package.json not in flight; writing
16 verbose afterAdd /Users/chris/.npm/tapas-build/0.1.0/package/package.json written
17 silly publish { name: 'tapas-build',
17 silly publish   version: '0.1.0',
17 silly publish   description: 'A command line tools for building React project',
17 silly publish   repository:
17 silly publish    { type: 'git',
17 silly publish      url: 'git+https://github.com/tsingchao/tapas-build.git' },
17 silly publish   mai: 'tsingchao <qingchao.tan@gmail.com>',
17 silly publish   license: 'MIT',
17 silly publish   bugs: { url: 'https://github.com/tsingchao/tapas-build/issues' },
17 silly publish   homepage: 'https://github.com/tsingchao/tapas-build#readme',
17 silly publish   bin: { 'tapas-build': 'bin/tapas-build' },
17 silly publish   scripts:
17 silly publish    { publish: 'git push origin master --tags',
17 silly publish      test: 'echo "Error: no test specified" && exit 1' },
17 silly publish   'pre-commit': [],
17 silly publish   dependencies:
17 silly publish    { 'autoprefixer-loader': '^3.1.0',
17 silly publish      'babel-core': '^6.2.1',
17 silly publish      'babel-loader': '^6.2.0',
17 silly publish      'babel-preset-es2015': '^6.1.18',
17 silly publish      'babel-preset-react': '^6.1.18',
17 silly publish      'babel-preset-stage-0': '^6.1.18',
17 silly publish      commander: '^2.9.0',
17 silly publish      'css-loader': '^0.23.0',
17 silly publish      'file-loader': '^0.8.5',
17 silly publish      'is-plain-object': '^2.0.1',
17 silly publish      less: '^2.5.3',
17 silly publish      'less-loader': '^2.2.1',
17 silly publish      rimraf: '^2.4.4',
17 silly publish      'url-loader': '^0.5.7',
17 silly publish      webpack: '^1.12.9' },
17 silly publish   readme: '# Tapas-build\n\n## A command line tools for building React project.\n\n------\n\n### Install\n\n``` shell\n$ npm install tapas-build -g\n```\n\n### Usage\n\n``` shell\n$ tapas-build <entry> <output>\n```\n\n### Options\n\n``` \n-h, --help\n-p, --production\n-w, --watch\n--config <example.config.js>\n```\n\n### Config\n\n#### Cover mode\n\nTo export `Plain Object`\n\n#### Extend mode\n\nTo export `Function`\n\n``` javascript\n/**\n * @param  defaultConfig {Object} \n * @param  environment   {String} <production | development>\n * @return customConfig  {Object}\n */\nexport default function(defaultConfig, environment) {\n  let customConfig = Object.assign({}, ...defaultConfig);\n  customConfig.output.path = join(__dirname, \'./static\');\n  return customConfig;\n}\n```\n\n### License\n\nCopyright (c) 2015 Tapas Tech\n\nMIT [http://opensource.org/licenses/mit-license.php](http://opensource.org/licenses/mit-license.php)',
17 silly publish   readmeFilename: 'README.md',
17 silly publish   gitHead: '2657a891e908e1051bf9dede4c3b126bde049a8b',
17 silly publish   _id: 'tapas-build@0.1.0',
17 silly publish   _shasum: '2eab2def8f0af742b97779fe4be42d090fe5a5e3',
17 silly publish   _from: '.' }
18 verbose getPublishConfig undefined
19 silly mapToRegistry name tapas-build
20 silly mapToRegistry using default registry
21 silly mapToRegistry registry https://registry.npmjs.org/
22 silly mapToRegistry uri https://registry.npmjs.org/tapas-build
23 verbose publish registryBase https://registry.npmjs.org/
24 silly publish uploading /Users/chris/.npm/tapas-build/0.1.0/package.tgz
25 verbose request uri https://registry.npmjs.org/tapas-build
26 verbose request sending authorization for write operation
27 info attempt registry request try #1 at 14:11:58
28 verbose request using bearer token for auth
29 verbose request id e08ade53545b73ce
30 http request PUT https://registry.npmjs.org/tapas-build
31 http 403 https://registry.npmjs.org/tapas-build
32 verbose headers { 'content-type': 'application/json',
32 verbose headers   'cache-control': 'max-age=60',
32 verbose headers   'content-length': '103',
32 verbose headers   'accept-ranges': 'bytes',
32 verbose headers   date: 'Thu, 10 Dec 2015 06:12:00 GMT',
32 verbose headers   via: '1.1 varnish',
32 verbose headers   connection: 'keep-alive',
32 verbose headers   'x-served-by': 'cache-lax1426-LAX',
32 verbose headers   'x-cache': 'MISS',
32 verbose headers   'x-cache-hits': '0',
32 verbose headers   'x-timer': 'S1449727920.132458,VS0,VE195' }
33 verbose request invalidating /Users/chris/.npm/registry.npmjs.org/tapas-build on PUT
34 error publish Failed PUT 403
35 verbose stack Error: You do not have permission to publish 'tapas-build'. Are you logged in as the correct user? : tapas-build
35 verbose stack     at makeError (/usr/local/lib/node_modules/npm/node_modules/npm-registry-client/lib/request.js:264:12)
35 verbose stack     at CachingRegistryClient.<anonymous> (/usr/local/lib/node_modules/npm/node_modules/npm-registry-client/lib/request.js:252:14)
35 verbose stack     at Request._callback (/usr/local/lib/node_modules/npm/node_modules/npm-registry-client/lib/request.js:172:14)
35 verbose stack     at Request.self.callback (/usr/local/lib/node_modules/npm/node_modules/request/request.js:198:22)
35 verbose stack     at emitTwo (events.js:87:13)
35 verbose stack     at Request.emit (events.js:172:7)
35 verbose stack     at Request.<anonymous> (/usr/local/lib/node_modules/npm/node_modules/request/request.js:1063:14)
35 verbose stack     at emitOne (events.js:82:20)
35 verbose stack     at Request.emit (events.js:169:7)
35 verbose stack     at IncomingMessage.<anonymous> (/usr/local/lib/node_modules/npm/node_modules/request/request.js:1009:12)
36 verbose statusCode 403
37 verbose pkgid tapas-build
38 verbose cwd /Users/chris/Desktop/Lab/tapas-build
39 error Darwin 15.0.0
40 error argv "/usr/local/bin/node" "/usr/local/bin/npm" "publish"
41 error node v4.2.2
42 error npm  v2.14.7
43 error code E403
44 error You do not have permission to publish 'tapas-build'. Are you logged in as the correct user? : tapas-build
45 error If you need help, you may report this error at:
45 error     <https://github.com/npm/npm/issues>
46 verbose exit [ 1, true ]
